<?xml version="1.0" encoding="UTF-8"?>
<Site BuildName="Win32-ninja"
	BuildStamp="20251031-2001-Experimental"
	Name="LionelsLaptop"
	Generator="ctest-4.1.1"
	CompilerName="C:/Strawberry/c/bin/c++.exe"
	CompilerVersion="13.2.0"
	OSName="Windows"
	Hostname="LionelsLaptop"
	OSRelease=" Personal"
	OSVersion=" (Build 22631)"
	OSPlatform="AMD64"
	Is64Bits="1"
	VendorString="GenuineIntel"
	VendorID="Intel Corporation"
	FamilyID="6"
	ModelID="7"
	ModelName=""
	ProcessorCacheSize="-1"
	NumberOfLogicalCPU="28"
	NumberOfPhysicalCPU="20"
	TotalVirtualMemory="36516"
	TotalPhysicalMemory="32471"
	LogicalProcessorsPerPhysical="1"
	ProcessorClockFrequency="2100"
	>
	<Testing>
		<StartDateTime>Oct 31 16:04 Eastern Daylight Time</StartDateTime>
		<StartTestTime>1761941068</StartTestTime>
		<TestList/>
		<EndDateTime>Oct 31 16:04 Eastern Daylight Time</EndDateTime>
		<EndTestTime>1761941068</EndTestTime>
		<ElapsedMinutes>0</ElapsedMinutes>
	</Testing>
</Site>
