<?xml version="1.0" encoding="UTF-8"?>
<Site BuildName="Linux-clang++"
	BuildStamp="20251031-2001-Experimental"
	Name="LionelsEpicGamingRig"
	Generator="ctest-4.3.2"
	CompilerName="/usr/sbin/clang++"
	CompilerVersion="22.1.5"
	OSName="Linux"
	Hostname="LionelsEpicGamingRig"
	OSRelease="7.0.8-zen1-1-zen"
	OSVersion="#1 ZEN SMP PREEMPT_DYNAMIC Fri, 15 May 2026 16:45:03 +0000"
	OSPlatform="x86_64"
	Is64Bits="1"
	VendorString="AuthenticAMD"
	VendorID="Advanced Micro Devices"
	FamilyID="25"
	ModelID="80"
	ModelName="AMD Ryzen 7 5700G with Radeon Graphics"
	ProcessorCacheSize="512"
	NumberOfLogicalCPU="16"
	NumberOfPhysicalCPU="8"
	TotalVirtualMemory="5386"
	TotalPhysicalMemory="31879"
	LogicalProcessorsPerPhysical="2"
	ProcessorClockFrequency="4130.457031"
	>
	<Testing>
		<StartDateTime>May 18 11:02 EDT</StartDateTime>
		<StartTestTime>1779116573</StartTestTime>
		<TestList/>
		<EndDateTime>May 18 11:02 EDT</EndDateTime>
		<EndTestTime>1779116573</EndTestTime>
		<ElapsedMinutes>0</ElapsedMinutes>
	</Testing>
</Site>
